[0.019s] Invoking command in '/src/build/my_bot': CMAKE_PREFIX_PATH=/opt/ros/humble /usr/bin/cmake --build /src/build/my_bot -- -j16 -l16
[0.089s] Invoked command in '/src/build/my_bot' returned '0': CMAKE_PREFIX_PATH=/opt/ros/humble /usr/bin/cmake --build /src/build/my_bot -- -j16 -l16
[0.144s] Invoking command in '/src/build/my_bot': CMAKE_PREFIX_PATH=/opt/ros/humble /usr/bin/cmake --install /src/build/my_bot
[0.159s] -- Install configuration: ""
[0.159s] -- Execute custom install script
[0.160s] -- Up-to-date symlink: /src/install/my_bot/share/my_bot/config/empty.yaml
[0.161s] -- Up-to-date symlink: /src/install/my_bot/share/my_bot/description/robot.urdf.xacro
[0.161s] -- Symlinking: /src/install/my_bot/share/my_bot/description/robot_core.xacro
[0.177s] -- Up-to-date symlink: /src/install/my_bot/share/my_bot/launch/rsp.launch.py
[0.178s] -- Up-to-date symlink: /src/install/my_bot/share/my_bot/worlds/empty.world
[0.178s] -- Up-to-date symlink: /src/install/my_bot/share/ament_index/resource_index/package_run_dependencies/my_bot
[0.178s] -- Up-to-date symlink: /src/install/my_bot/share/ament_index/resource_index/parent_prefix_path/my_bot
[0.178s] -- Up-to-date symlink: /src/install/my_bot/share/my_bot/environment/ament_prefix_path.sh
[0.179s] -- Up-to-date symlink: /src/install/my_bot/share/my_bot/environment/ament_prefix_path.dsv
[0.179s] -- Up-to-date symlink: /src/install/my_bot/share/my_bot/environment/path.sh
[0.179s] -- Up-to-date symlink: /src/install/my_bot/share/my_bot/environment/path.dsv
[0.179s] -- Up-to-date symlink: /src/install/my_bot/share/my_bot/local_setup.bash
[0.180s] -- Up-to-date symlink: /src/install/my_bot/share/my_bot/local_setup.sh
[0.180s] -- Up-to-date symlink: /src/install/my_bot/share/my_bot/local_setup.zsh
[0.180s] -- Up-to-date symlink: /src/install/my_bot/share/my_bot/local_setup.dsv
[0.180s] -- Symlinking: /src/install/my_bot/share/my_bot/package.dsv
[0.196s] -- Up-to-date symlink: /src/install/my_bot/share/ament_index/resource_index/packages/my_bot
[0.196s] -- Up-to-date symlink: /src/install/my_bot/share/my_bot/cmake/my_botConfig.cmake
[0.196s] -- Up-to-date symlink: /src/install/my_bot/share/my_bot/cmake/my_botConfig-version.cmake
[0.197s] -- Up-to-date symlink: /src/install/my_bot/share/my_bot/package.xml
[0.200s] Invoked command in '/src/build/my_bot' returned '0': CMAKE_PREFIX_PATH=/opt/ros/humble /usr/bin/cmake --install /src/build/my_bot
