[0.018s] Invoking command in '/src/build/my_bot': CMAKE_PREFIX_PATH=/opt/ros/humble /usr/bin/cmake /src/my_bot -DAMENT_CMAKE_SYMLINK_INSTALL=1 -DCMAKE_INSTALL_PREFIX=/src/install/my_bot
[0.115s] -- The C compiler identification is GNU 11.4.0
[0.214s] -- The CXX compiler identification is GNU 11.4.0
[0.227s] -- Detecting C compiler ABI info
[0.351s] -- Detecting C compiler ABI info - done
[0.364s] -- Check for working C compiler: /usr/bin/cc - skipped
[0.365s] -- Detecting C compile features
[0.365s] -- Detecting C compile features - done
[0.371s] -- Detecting CXX compiler ABI info
[0.505s] -- Detecting CXX compiler ABI info - done
[0.519s] -- Check for working CXX compiler: /usr/bin/c++ - skipped
[0.519s] -- Detecting CXX compile features
[0.520s] -- Detecting CXX compile features - done
[0.526s] -- Found ament_cmake: 1.3.8 (/opt/ros/humble/share/ament_cmake/cmake)
[0.794s] -- Found Python3: /usr/bin/python3 (found version "3.10.12") found components: Interpreter 
[0.908s] -- Override CMake install command with custom implementation using symlinks instead of copying resources
[0.965s] -- Found ament_lint_auto: 0.12.10 (/opt/ros/humble/share/ament_lint_auto/cmake)
[1.115s] -- Added test 'copyright' to check source files copyright and LICENSE
[1.119s] -- Added test 'flake8' to check Python code syntax and style conventions
[1.120s] -- Added test 'lint_cmake' to check CMake code style
[1.121s] -- Added test 'pep257' to check Python code against some of the docstring style conventions in PEP 257
[1.123s] -- Added test 'xmllint' to check XML markup files
[1.125s] -- Configuring done
[1.130s] -- Generating done
[1.131s] -- Build files have been written to: /src/build/my_bot
[1.140s] Invoked command in '/src/build/my_bot' returned '0': CMAKE_PREFIX_PATH=/opt/ros/humble /usr/bin/cmake /src/my_bot -DAMENT_CMAKE_SYMLINK_INSTALL=1 -DCMAKE_INSTALL_PREFIX=/src/install/my_bot
[1.143s] Invoking command in '/src/build/my_bot': CMAKE_PREFIX_PATH=/opt/ros/humble /usr/bin/cmake --build /src/build/my_bot -- -j16 -l16
[1.206s] Invoked command in '/src/build/my_bot' returned '0': CMAKE_PREFIX_PATH=/opt/ros/humble /usr/bin/cmake --build /src/build/my_bot -- -j16 -l16
[1.259s] Invoking command in '/src/build/my_bot': CMAKE_PREFIX_PATH=/opt/ros/humble /usr/bin/cmake --install /src/build/my_bot
[1.270s] -- Install configuration: ""
[1.271s] -- Execute custom install script
[1.272s] -- Symlinking: /src/install/my_bot/share/my_bot/config/empty.yaml
[1.287s] -- Symlinking: /src/install/my_bot/share/my_bot/description/robot.urdf.xacro
[1.301s] -- Symlinking: /src/install/my_bot/share/my_bot/launch/rsp.launch.py
[1.315s] -- Symlinking: /src/install/my_bot/share/my_bot/worlds/empty.world
[1.328s] -- Symlinking: /src/install/my_bot/share/ament_index/resource_index/package_run_dependencies/my_bot
[1.343s] -- Symlinking: /src/install/my_bot/share/ament_index/resource_index/parent_prefix_path/my_bot
[1.367s] -- Symlinking: /src/install/my_bot/share/my_bot/environment/ament_prefix_path.sh
[1.381s] -- Symlinking: /src/install/my_bot/share/my_bot/environment/ament_prefix_path.dsv
[1.394s] -- Symlinking: /src/install/my_bot/share/my_bot/environment/path.sh
[1.408s] -- Symlinking: /src/install/my_bot/share/my_bot/environment/path.dsv
[1.421s] -- Symlinking: /src/install/my_bot/share/my_bot/local_setup.bash
[1.435s] -- Symlinking: /src/install/my_bot/share/my_bot/local_setup.sh
[1.449s] -- Symlinking: /src/install/my_bot/share/my_bot/local_setup.zsh
[1.462s] -- Symlinking: /src/install/my_bot/share/my_bot/local_setup.dsv
[1.475s] -- Symlinking: /src/install/my_bot/share/my_bot/package.dsv
[1.488s] -- Symlinking: /src/install/my_bot/share/ament_index/resource_index/packages/my_bot
[1.502s] -- Symlinking: /src/install/my_bot/share/my_bot/cmake/my_botConfig.cmake
[1.515s] -- Symlinking: /src/install/my_bot/share/my_bot/cmake/my_botConfig-version.cmake
[1.532s] -- Symlinking: /src/install/my_bot/share/my_bot/package.xml
[1.550s] Invoked command in '/src/build/my_bot' returned '0': CMAKE_PREFIX_PATH=/opt/ros/humble /usr/bin/cmake --install /src/build/my_bot
