[0.000000] (-) TimerEvent: {}
[0.002018] (my_bot) JobQueued: {'identifier': 'my_bot', 'dependencies': OrderedDict()}
[0.002186] (my_bot) JobStarted: {'identifier': 'my_bot'}
[0.018701] (my_bot) JobProgress: {'identifier': 'my_bot', 'progress': 'cmake'}
[0.019781] (my_bot) JobProgress: {'identifier': 'my_bot', 'progress': 'build'}
[0.021070] (my_bot) Command: {'cmd': ['/usr/bin/cmake', '--build', '/src/build/my_bot', '--', '-j16', '-l16'], 'cwd': '/src/build/my_bot', 'env': OrderedDict([('HOSTNAME', 'vladi-pc'), ('SHLVL', '1'), ('LD_LIBRARY_PATH', '/opt/ros/humble/opt/rviz_ogre_vendor/lib:/opt/ros/humble/lib/x86_64-linux-gnu:/opt/ros/humble/lib'), ('HOME', '/home/ros'), ('OLDPWD', '/'), ('ROS_PYTHON_VERSION', '3'), ('COLCON_PREFIX_PATH', '/src/install'), ('ROS_DISTRO', 'humble'), ('_', '/usr/bin/colcon'), ('ROS_VERSION', '2'), ('TERM', 'xterm'), ('ROS_LOCALHOST_ONLY', '0'), ('PATH', '/opt/ros/humble/bin:/usr/local/sbin:/usr/local/bin:/usr/sbin:/usr/bin:/sbin:/bin'), ('DISPLAY', ':1'), ('LANG', 'C.UTF-8'), ('AMENT_PREFIX_PATH', '/src/install/my_bot:/opt/ros/humble'), ('PWD', '/src/build/my_bot'), ('LC_ALL', 'C.UTF-8'), ('PYTHONPATH', '/opt/ros/humble/lib/python3.10/site-packages:/opt/ros/humble/local/lib/python3.10/dist-packages'), ('COLCON', '1'), ('CMAKE_PREFIX_PATH', '/src/install/my_bot:/opt/ros/humble')]), 'shell': False}
[0.096151] (my_bot) CommandEnded: {'returncode': 0}
[0.099134] (-) TimerEvent: {}
[0.142720] (my_bot) JobProgress: {'identifier': 'my_bot', 'progress': 'install'}
[0.160540] (my_bot) Command: {'cmd': ['/usr/bin/cmake', '--install', '/src/build/my_bot'], 'cwd': '/src/build/my_bot', 'env': OrderedDict([('HOSTNAME', 'vladi-pc'), ('SHLVL', '1'), ('LD_LIBRARY_PATH', '/opt/ros/humble/opt/rviz_ogre_vendor/lib:/opt/ros/humble/lib/x86_64-linux-gnu:/opt/ros/humble/lib'), ('HOME', '/home/ros'), ('OLDPWD', '/'), ('ROS_PYTHON_VERSION', '3'), ('COLCON_PREFIX_PATH', '/src/install'), ('ROS_DISTRO', 'humble'), ('_', '/usr/bin/colcon'), ('ROS_VERSION', '2'), ('TERM', 'xterm'), ('ROS_LOCALHOST_ONLY', '0'), ('PATH', '/opt/ros/humble/bin:/usr/local/sbin:/usr/local/bin:/usr/sbin:/usr/bin:/sbin:/bin'), ('DISPLAY', ':1'), ('LANG', 'C.UTF-8'), ('AMENT_PREFIX_PATH', '/src/install/my_bot:/opt/ros/humble'), ('PWD', '/src/build/my_bot'), ('LC_ALL', 'C.UTF-8'), ('PYTHONPATH', '/opt/ros/humble/lib/python3.10/site-packages:/opt/ros/humble/local/lib/python3.10/dist-packages'), ('COLCON', '1'), ('CMAKE_PREFIX_PATH', '/src/install/my_bot:/opt/ros/humble')]), 'shell': False}
[0.174961] (my_bot) StdoutLine: {'line': b'-- Install configuration: ""\n'}
[0.175846] (my_bot) StdoutLine: {'line': b'-- Execute custom install script\n'}
[0.177209] (my_bot) StdoutLine: {'line': b'-- Up-to-date symlink: /src/install/my_bot/share/my_bot/config/empty.yaml\n'}
[0.177824] (my_bot) StdoutLine: {'line': b'-- Symlinking: /src/install/my_bot/share/my_bot/description/inertial_macros.xacro\n'}
[0.194532] (my_bot) StdoutLine: {'line': b'-- Up-to-date symlink: /src/install/my_bot/share/my_bot/description/robot.urdf.xacro\n'}
[0.194819] (my_bot) StdoutLine: {'line': b'-- Up-to-date symlink: /src/install/my_bot/share/my_bot/description/robot_core.urdf.xacro\n'}
[0.195104] (my_bot) StdoutLine: {'line': b'-- Up-to-date symlink: /src/install/my_bot/share/my_bot/launch/rsp.launch.py\n'}
[0.195528] (my_bot) StdoutLine: {'line': b'-- Up-to-date symlink: /src/install/my_bot/share/my_bot/worlds/empty.world\n'}
[0.196138] (my_bot) StdoutLine: {'line': b'-- Up-to-date symlink: /src/install/my_bot/share/ament_index/resource_index/package_run_dependencies/my_bot\n'}
[0.196739] (my_bot) StdoutLine: {'line': b'-- Up-to-date symlink: /src/install/my_bot/share/ament_index/resource_index/parent_prefix_path/my_bot\n'}
[0.197835] (my_bot) StdoutLine: {'line': b'-- Up-to-date symlink: /src/install/my_bot/share/my_bot/environment/ament_prefix_path.sh\n'}
[0.198016] (my_bot) StdoutLine: {'line': b'-- Up-to-date symlink: /src/install/my_bot/share/my_bot/environment/ament_prefix_path.dsv\n'}
[0.198207] (my_bot) StdoutLine: {'line': b'-- Up-to-date symlink: /src/install/my_bot/share/my_bot/environment/path.sh\n'}
[0.198443] (my_bot) StdoutLine: {'line': b'-- Up-to-date symlink: /src/install/my_bot/share/my_bot/environment/path.dsv\n'}
[0.198870] (my_bot) StdoutLine: {'line': b'-- Up-to-date symlink: /src/install/my_bot/share/my_bot/local_setup.bash\n'}
[0.199193] (-) TimerEvent: {}
[0.199440] (my_bot) StdoutLine: {'line': b'-- Up-to-date symlink: /src/install/my_bot/share/my_bot/local_setup.sh\n'}
[0.199701] (my_bot) StdoutLine: {'line': b'-- Up-to-date symlink: /src/install/my_bot/share/my_bot/local_setup.zsh\n'}
[0.200176] (my_bot) StdoutLine: {'line': b'-- Up-to-date symlink: /src/install/my_bot/share/my_bot/local_setup.dsv\n'}
[0.200614] (my_bot) StdoutLine: {'line': b'-- Symlinking: /src/install/my_bot/share/my_bot/package.dsv\n'}
[0.217876] (my_bot) StdoutLine: {'line': b'-- Up-to-date symlink: /src/install/my_bot/share/ament_index/resource_index/packages/my_bot\n'}
[0.218362] (my_bot) StdoutLine: {'line': b'-- Up-to-date symlink: /src/install/my_bot/share/my_bot/cmake/my_botConfig.cmake\n'}
[0.218801] (my_bot) StdoutLine: {'line': b'-- Up-to-date symlink: /src/install/my_bot/share/my_bot/cmake/my_botConfig-version.cmake\n'}
[0.219219] (my_bot) StdoutLine: {'line': b'-- Up-to-date symlink: /src/install/my_bot/share/my_bot/package.xml\n'}
[0.223358] (my_bot) CommandEnded: {'returncode': 0}
[0.299941] (-) TimerEvent: {}
[0.304886] (my_bot) JobEnded: {'identifier': 'my_bot', 'rc': 0}
[0.306077] (-) EventReactorShutdown: {}
