[0.192s] DEBUG:colcon:Command line arguments: ['/usr/bin/colcon', 'build', '--symlink-install']
[0.193s] DEBUG:colcon:Parsed command line arguments: Namespace(log_base=None, log_level=None, verb_name='build', build_base='build', install_base='install', merge_install=False, symlink_install=True, test_result_base=None, continue_on_error=False, executor='parallel', parallel_workers=16, event_handlers=None, ignore_user_meta=False, metas=['./colcon.meta'], base_paths=['.'], packages_ignore=None, packages_ignore_regex=None, paths=None, packages_up_to=None, packages_up_to_regex=None, packages_above=None, packages_above_and_dependencies=None, packages_above_depth=None, packages_select_by_dep=None, packages_skip_by_dep=None, packages_skip_up_to=None, packages_select_build_failed=False, packages_skip_build_finished=False, packages_select_test_failures=False, packages_skip_test_passed=False, packages_select=None, packages_skip=None, packages_select_regex=None, packages_skip_regex=None, packages_start=None, packages_end=None, cmake_args=None, cmake_target=None, cmake_target_skip_unavailable=False, cmake_clean_cache=False, cmake_clean_first=False, cmake_force_configure=False, ament_cmake_args=None, catkin_cmake_args=None, catkin_skip_building_tests=False, mixin_files=None, mixin=None, verb_parser=<colcon_mixin.mixin.mixin_argument.MixinArgumentDecorator object at 0x793ee2d179d0>, verb_extension=<colcon_core.verb.build.BuildVerb object at 0x793ee2cc4880>, main=<bound method BuildVerb.main of <colcon_core.verb.build.BuildVerb object at 0x793ee2cc4880>>, mixin_verb=('build',))
[0.443s] Level 1:colcon.colcon_core.package_discovery:discover_packages(colcon_meta) check parameters
[0.443s] Level 1:colcon.colcon_core.package_discovery:discover_packages(recursive) check parameters
[0.444s] Level 1:colcon.colcon_core.package_discovery:discover_packages(ignore) check parameters
[0.444s] Level 1:colcon.colcon_core.package_discovery:discover_packages(path) check parameters
[0.444s] Level 1:colcon.colcon_core.package_discovery:discover_packages(colcon_meta) discover
[0.444s] Level 1:colcon.colcon_core.package_discovery:discover_packages(recursive) discover
[0.444s] INFO:colcon.colcon_core.package_discovery:Crawling recursively for packages in '/src'
[0.444s] Level 1:colcon.colcon_core.package_identification:_identify(.) by extensions ['ignore', 'ignore_ament_install']
[0.444s] Level 1:colcon.colcon_core.package_identification:_identify(.) by extension 'ignore'
[0.444s] Level 1:colcon.colcon_core.package_identification:_identify(.) by extension 'ignore_ament_install'
[0.444s] Level 1:colcon.colcon_core.package_identification:_identify(.) by extensions ['colcon_pkg']
[0.444s] Level 1:colcon.colcon_core.package_identification:_identify(.) by extension 'colcon_pkg'
[0.444s] Level 1:colcon.colcon_core.package_identification:_identify(.) by extensions ['colcon_meta']
[0.445s] Level 1:colcon.colcon_core.package_identification:_identify(.) by extension 'colcon_meta'
[0.445s] Level 1:colcon.colcon_core.package_identification:_identify(.) by extensions ['ros']
[0.445s] Level 1:colcon.colcon_core.package_identification:_identify(.) by extension 'ros'
[0.465s] Level 1:colcon.colcon_core.package_identification:_identify(.) by extensions ['cmake', 'python']
[0.465s] Level 1:colcon.colcon_core.package_identification:_identify(.) by extension 'cmake'
[0.465s] Level 1:colcon.colcon_core.package_identification:_identify(.) by extension 'python'
[0.465s] Level 1:colcon.colcon_core.package_identification:_identify(.) by extensions ['python_setup_py']
[0.465s] Level 1:colcon.colcon_core.package_identification:_identify(.) by extension 'python_setup_py'
[0.466s] Level 1:colcon.colcon_core.package_identification:_identify(build) by extensions ['ignore', 'ignore_ament_install']
[0.466s] Level 1:colcon.colcon_core.package_identification:_identify(build) by extension 'ignore'
[0.466s] Level 1:colcon.colcon_core.package_identification:_identify(build) ignored
[0.466s] Level 1:colcon.colcon_core.package_identification:_identify(install) by extensions ['ignore', 'ignore_ament_install']
[0.466s] Level 1:colcon.colcon_core.package_identification:_identify(install) by extension 'ignore'
[0.466s] Level 1:colcon.colcon_core.package_identification:_identify(install) ignored
[0.466s] Level 1:colcon.colcon_core.package_identification:_identify(log) by extensions ['ignore', 'ignore_ament_install']
[0.467s] Level 1:colcon.colcon_core.package_identification:_identify(log) by extension 'ignore'
[0.467s] Level 1:colcon.colcon_core.package_identification:_identify(log) ignored
[0.467s] Level 1:colcon.colcon_core.package_identification:_identify(my_bot) by extensions ['ignore', 'ignore_ament_install']
[0.467s] Level 1:colcon.colcon_core.package_identification:_identify(my_bot) by extension 'ignore'
[0.467s] Level 1:colcon.colcon_core.package_identification:_identify(my_bot) by extension 'ignore_ament_install'
[0.467s] Level 1:colcon.colcon_core.package_identification:_identify(my_bot) by extensions ['colcon_pkg']
[0.467s] Level 1:colcon.colcon_core.package_identification:_identify(my_bot) by extension 'colcon_pkg'
[0.467s] Level 1:colcon.colcon_core.package_identification:_identify(my_bot) by extensions ['colcon_meta']
[0.467s] Level 1:colcon.colcon_core.package_identification:_identify(my_bot) by extension 'colcon_meta'
[0.467s] Level 1:colcon.colcon_core.package_identification:_identify(my_bot) by extensions ['ros']
[0.467s] Level 1:colcon.colcon_core.package_identification:_identify(my_bot) by extension 'ros'
[0.471s] DEBUG:colcon.colcon_core.package_identification:Package 'my_bot' with type 'ros.ament_cmake' and name 'my_bot'
[0.471s] Level 1:colcon.colcon_core.package_discovery:discover_packages(recursive) using defaults
[0.471s] Level 1:colcon.colcon_core.package_discovery:discover_packages(ignore) discover
[0.471s] Level 1:colcon.colcon_core.package_discovery:discover_packages(ignore) using defaults
[0.472s] Level 1:colcon.colcon_core.package_discovery:discover_packages(path) discover
[0.472s] Level 1:colcon.colcon_core.package_discovery:discover_packages(path) using defaults
[0.509s] Level 5:colcon.colcon_core.verb:set package 'my_bot' build argument 'cmake_args' from command line to 'None'
[0.509s] Level 5:colcon.colcon_core.verb:set package 'my_bot' build argument 'cmake_target' from command line to 'None'
[0.509s] Level 5:colcon.colcon_core.verb:set package 'my_bot' build argument 'cmake_target_skip_unavailable' from command line to 'False'
[0.509s] Level 5:colcon.colcon_core.verb:set package 'my_bot' build argument 'cmake_clean_cache' from command line to 'False'
[0.509s] Level 5:colcon.colcon_core.verb:set package 'my_bot' build argument 'cmake_clean_first' from command line to 'False'
[0.509s] Level 5:colcon.colcon_core.verb:set package 'my_bot' build argument 'cmake_force_configure' from command line to 'False'
[0.509s] Level 5:colcon.colcon_core.verb:set package 'my_bot' build argument 'ament_cmake_args' from command line to 'None'
[0.509s] Level 5:colcon.colcon_core.verb:set package 'my_bot' build argument 'catkin_cmake_args' from command line to 'None'
[0.509s] Level 5:colcon.colcon_core.verb:set package 'my_bot' build argument 'catkin_skip_building_tests' from command line to 'False'
[0.509s] DEBUG:colcon.colcon_core.verb:Building package 'my_bot' with the following arguments: {'ament_cmake_args': None, 'build_base': '/src/build/my_bot', 'catkin_cmake_args': None, 'catkin_skip_building_tests': False, 'cmake_args': None, 'cmake_clean_cache': False, 'cmake_clean_first': False, 'cmake_force_configure': False, 'cmake_target': None, 'cmake_target_skip_unavailable': False, 'install_base': '/src/install/my_bot', 'merge_install': False, 'path': '/src/my_bot', 'symlink_install': True, 'test_result_base': None}
[0.509s] INFO:colcon.colcon_core.executor:Executing jobs using 'parallel' executor
[0.511s] DEBUG:colcon.colcon_parallel_executor.executor.parallel:run_until_complete
[0.512s] INFO:colcon.colcon_ros.task.ament_cmake.build:Building ROS package in '/src/my_bot' with build type 'ament_cmake'
[0.512s] INFO:colcon.colcon_cmake.task.cmake.build:Building CMake package in '/src/my_bot'
[0.516s] INFO:colcon.colcon_core.plugin_system:Skipping extension 'colcon_core.shell.bat': Not used on non-Windows systems
[0.516s] INFO:colcon.colcon_core.shell:Skip shell extension 'powershell' for command environment: Not usable outside of PowerShell
[0.516s] DEBUG:colcon.colcon_core.shell:Skip shell extension 'dsv' for command environment
[0.530s] DEBUG:colcon.colcon_core.event_handler.log_command:Invoking command in '/src/build/my_bot': CMAKE_PREFIX_PATH=/opt/ros/humble /usr/bin/cmake /src/my_bot -DAMENT_CMAKE_SYMLINK_INSTALL=1 -DCMAKE_INSTALL_PREFIX=/src/install/my_bot
[1.652s] DEBUG:colcon.colcon_core.event_handler.log_command:Invoked command in '/src/build/my_bot' returned '0': CMAKE_PREFIX_PATH=/opt/ros/humble /usr/bin/cmake /src/my_bot -DAMENT_CMAKE_SYMLINK_INSTALL=1 -DCMAKE_INSTALL_PREFIX=/src/install/my_bot
[1.656s] DEBUG:colcon.colcon_core.event_handler.log_command:Invoking command in '/src/build/my_bot': CMAKE_PREFIX_PATH=/opt/ros/humble /usr/bin/cmake --build /src/build/my_bot -- -j16 -l16
[1.718s] DEBUG:colcon.colcon_core.event_handler.log_command:Invoked command in '/src/build/my_bot' returned '0': CMAKE_PREFIX_PATH=/opt/ros/humble /usr/bin/cmake --build /src/build/my_bot -- -j16 -l16
[1.771s] DEBUG:colcon.colcon_core.event_handler.log_command:Invoking command in '/src/build/my_bot': CMAKE_PREFIX_PATH=/opt/ros/humble /usr/bin/cmake --install /src/build/my_bot
[2.062s] Level 1:colcon.colcon_core.environment:create_environment_scripts_only(my_bot)
[2.062s] DEBUG:colcon.colcon_core.event_handler.log_command:Invoked command in '/src/build/my_bot' returned '0': CMAKE_PREFIX_PATH=/opt/ros/humble /usr/bin/cmake --install /src/build/my_bot
[2.067s] Level 1:colcon.colcon_core.environment:checking '/src/install/my_bot' for CMake module files
[2.068s] Level 1:colcon.colcon_core.environment:checking '/src/install/my_bot' for CMake config files
[2.068s] Level 1:colcon.colcon_core.shell:create_environment_hook('my_bot', 'cmake_prefix_path')
[2.069s] INFO:colcon.colcon_core.shell:Creating environment hook '/src/install/my_bot/share/my_bot/hook/cmake_prefix_path.ps1'
[2.070s] INFO:colcon.colcon_core.shell:Creating environment descriptor '/src/install/my_bot/share/my_bot/hook/cmake_prefix_path.dsv'
[2.071s] INFO:colcon.colcon_core.shell:Creating environment hook '/src/install/my_bot/share/my_bot/hook/cmake_prefix_path.sh'
[2.072s] Level 1:colcon.colcon_core.environment:checking '/src/install/my_bot/bin'
[2.072s] Level 1:colcon.colcon_core.environment:checking '/src/install/my_bot/lib/pkgconfig/my_bot.pc'
[2.076s] Level 1:colcon.colcon_core.environment:checking '/src/install/my_bot/lib/python3.10/site-packages'
[2.076s] Level 1:colcon.colcon_core.environment:checking '/src/install/my_bot/bin'
[2.076s] INFO:colcon.colcon_core.shell:Creating package script '/src/install/my_bot/share/my_bot/package.ps1'
[2.078s] INFO:colcon.colcon_core.shell:Creating package descriptor '/src/install/my_bot/share/my_bot/package.dsv'
[2.079s] INFO:colcon.colcon_core.shell:Creating package script '/src/install/my_bot/share/my_bot/package.sh'
[2.080s] INFO:colcon.colcon_core.shell:Creating package script '/src/install/my_bot/share/my_bot/package.bash'
[2.081s] INFO:colcon.colcon_core.shell:Creating package script '/src/install/my_bot/share/my_bot/package.zsh'
[2.082s] Level 1:colcon.colcon_core.environment:create_file_with_runtime_dependencies(/src/install/my_bot/share/colcon-core/packages/my_bot)
[2.120s] Level 1:colcon.colcon_core.environment:create_environment_scripts_only(my_bot)
[2.121s] Level 1:colcon.colcon_core.environment:checking '/src/install/my_bot' for CMake module files
[2.121s] Level 1:colcon.colcon_core.environment:checking '/src/install/my_bot' for CMake config files
[2.122s] Level 1:colcon.colcon_core.shell:create_environment_hook('my_bot', 'cmake_prefix_path')
[2.122s] INFO:colcon.colcon_core.shell:Creating environment hook '/src/install/my_bot/share/my_bot/hook/cmake_prefix_path.ps1'
[2.123s] INFO:colcon.colcon_core.shell:Creating environment descriptor '/src/install/my_bot/share/my_bot/hook/cmake_prefix_path.dsv'
[2.123s] INFO:colcon.colcon_core.shell:Creating environment hook '/src/install/my_bot/share/my_bot/hook/cmake_prefix_path.sh'
[2.124s] Level 1:colcon.colcon_core.environment:checking '/src/install/my_bot/bin'
[2.124s] Level 1:colcon.colcon_core.environment:checking '/src/install/my_bot/lib/pkgconfig/my_bot.pc'
[2.125s] Level 1:colcon.colcon_core.environment:checking '/src/install/my_bot/lib/python3.10/site-packages'
[2.125s] Level 1:colcon.colcon_core.environment:checking '/src/install/my_bot/bin'
[2.125s] INFO:colcon.colcon_core.shell:Creating package script '/src/install/my_bot/share/my_bot/package.ps1'
[2.126s] INFO:colcon.colcon_core.shell:Creating package descriptor '/src/install/my_bot/share/my_bot/package.dsv'
[2.127s] INFO:colcon.colcon_core.shell:Creating package script '/src/install/my_bot/share/my_bot/package.sh'
[2.127s] INFO:colcon.colcon_core.shell:Creating package script '/src/install/my_bot/share/my_bot/package.bash'
[2.128s] INFO:colcon.colcon_core.shell:Creating package script '/src/install/my_bot/share/my_bot/package.zsh'
[2.128s] Level 1:colcon.colcon_core.environment:create_file_with_runtime_dependencies(/src/install/my_bot/share/colcon-core/packages/my_bot)
[2.129s] DEBUG:colcon.colcon_parallel_executor.executor.parallel:closing loop
[2.129s] DEBUG:colcon.colcon_parallel_executor.executor.parallel:loop closed
[2.130s] DEBUG:colcon.colcon_parallel_executor.executor.parallel:run_until_complete finished with '0'
[2.130s] DEBUG:colcon.colcon_core.event_reactor:joining thread
[2.139s] INFO:colcon.colcon_core.plugin_system:Skipping extension 'colcon_notification.desktop_notification.notify_send': Could not find 'notify-send'
[2.139s] INFO:colcon.colcon_core.plugin_system:Skipping extension 'colcon_notification.desktop_notification.terminal_notifier': Not used on non-Darwin systems
[2.139s] INFO:colcon.colcon_core.plugin_system:Skipping extension 'colcon_notification.desktop_notification.win32': Not used on non-Windows systems
[2.139s] INFO:colcon.colcon_notification.desktop_notification:Sending desktop notification using 'notify2'
[2.143s] DEBUG:colcon.colcon_notification.desktop_notification.notify2:Failed to initialize notify2: org.freedesktop.DBus.Error.Spawn.ExecFailed: /usr/bin/dbus-launch terminated abnormally without any error message
[2.144s] DEBUG:colcon.colcon_core.event_reactor:joined thread
[2.145s] INFO:colcon.colcon_core.shell:Creating prefix script '/src/install/local_setup.ps1'
[2.147s] INFO:colcon.colcon_core.shell:Creating prefix util module '/src/install/_local_setup_util_ps1.py'
[2.149s] INFO:colcon.colcon_core.shell:Creating prefix chain script '/src/install/setup.ps1'
[2.151s] INFO:colcon.colcon_core.shell:Creating prefix script '/src/install/local_setup.sh'
[2.152s] INFO:colcon.colcon_core.shell:Creating prefix util module '/src/install/_local_setup_util_sh.py'
[2.153s] INFO:colcon.colcon_core.shell:Creating prefix chain script '/src/install/setup.sh'
[2.155s] INFO:colcon.colcon_core.shell:Creating prefix script '/src/install/local_setup.bash'
[2.155s] INFO:colcon.colcon_core.shell:Creating prefix chain script '/src/install/setup.bash'
[2.157s] INFO:colcon.colcon_core.shell:Creating prefix script '/src/install/local_setup.zsh'
[2.158s] INFO:colcon.colcon_core.shell:Creating prefix chain script '/src/install/setup.zsh'
